<?xml version="1.0" encoding="UTF-8"?>
<testng-results skipped="0" failed="0" ignored="0" total="1" passed="1">
  <reporter-output>
  </reporter-output>
  <suite name="Default suite" duration-ms="6523" started-at="2018-12-04T11:04:08Z" finished-at="2018-12-04T11:04:15Z">
    <groups>
    </groups>
    <test name="Default test" duration-ms="6523" started-at="2018-12-04T11:04:08Z" finished-at="2018-12-04T11:04:15Z">
      <class name="testng.Anand">
        <test-method status="PASS" signature="Amit()[pri:0, instance:testng.Anand@23fe1d71]" name="Amit" duration-ms="6477" started-at="2018-12-04T11:04:08Z" finished-at="2018-12-04T11:04:15Z">
          <reporter-output>
          </reporter-output>
        </test-method> <!-- Amit -->
      </class> <!-- testng.Anand -->
    </test> <!-- Default test -->
  </suite> <!-- Default suite -->
</testng-results>
